This is e-upTeX, Version 3.14159265-p3.7.1-u1.22-161114-2.6 (utf8.uptex) (TeX Live 2017) (preloaded format=uplatex 2017.9.14)  19 NOV 2019 01:35
entering extended mode
 restricted \write18 enabled.
 %&-line parsing enabled.
**main.tex
(./main.tex
pLaTeX2e <2017/07/29u01>+1 (based on LaTeX2e <2017-04-15>)
Babel <3.12> and hyphenation patterns for 22 language(s) loaded.
(/usr/local/texlive/2017basic/texmf-dist/tex/latex/base/article.cls
Document Class: article 2014/09/29 v1.4h Standard LaTeX document class
(/usr/local/texlive/2017basic/texmf-dist/tex/latex/base/size10.clo
File: size10.clo 2014/09/29 v1.4h Standard LaTeX file (size option)
LaTeX Font Info:    Font shape `JT2/mc/m/n' will be
(Font)              scaled to size 9.6222pt on input line 54.
LaTeX Font Info:    Font shape `JY2/mc/m/n' will be
(Font)              scaled to size 9.6222pt on input line 54.
)
\c@part=\count82
\c@section=\count83
\c@subsection=\count84
\c@subsubsection=\count85
\c@paragraph=\count86
\c@subparagraph=\count87
\c@figure=\count88
\c@table=\count89
\abovecaptionskip=\skip41
\belowcaptionskip=\skip42
\bibindent=\dimen118
)
(/usr/local/texlive/2017basic/texmf-dist/tex/latex/bussproofs/bussproofs.sty
Proof Tree (bussproofs) style macros. Version 1.1.
\theLevel=\count90
\myMaxLevel=\count91
\myBoxA=\box42
\myBoxB=\box43
\myBoxC=\box44
\myBoxD=\box45
\myBoxLL=\box46
\myBoxRL=\box47
\thisAboveSkip=\dimen119
\thisBelowSkip=\dimen120
\newScoreStart=\dimen121
\newScoreEnd=\dimen122
\newCenter=\dimen123
\displace=\dimen124
\leftLowerAmt=\dimen125
\rightLowerAmt=\dimen126
\scoreHeight=\dimen127
\scoreDepth=\dimen128
\htLbox=\dimen129
\htRbox=\dimen130
\htRRbox=\dimen131
\htRRRbox=\dimen132
\htAbox=\dimen133
\htCbox=\dimen134
) (/usr/local/texlive/2017basic/texmf-dist/tex/platex/base/ascmac.sty
Package: ascmac 2017/07/22 v2.0d ascmac wrapper (community edition) 

(/usr/local/texlive/2017basic/texmf-dist/tex/platex/base/tascmac.sty
Package: tascmac 2017/07/22 v2.0d ascmac package (community edition) 
\@savetbaselineshift=\dimen135
\@saveybaselineshift=\dimen136
\scb@x=\box48
\scscb@x=\box49
\@bw=\dimen137
\@nbox=\box50
\@nbody=\box51
\@scw=\dimen138
\@itemh=\dimen139
\@iboxpos=\toks15
\@iboxstr=\box52
\@bwsp=\box53
\@@bwsp=\box54
\@bcal=\count92
\shaderule=\dimen140
))
(/usr/local/texlive/2017basic/texmf-dist/tex/latex/amsmath/amsmath.sty
Package: amsmath 2017/09/02 v2.17a AMS math features
\@mathmargin=\skip43

For additional information on amsmath, use the `?' option.
(/usr/local/texlive/2017basic/texmf-dist/tex/latex/amsmath/amstext.sty
Package: amstext 2000/06/29 v2.01 AMS text

(/usr/local/texlive/2017basic/texmf-dist/tex/latex/amsmath/amsgen.sty
File: amsgen.sty 1999/11/30 v2.0 generic functions
\@emptytoks=\toks16
\ex@=\dimen141
))
(/usr/local/texlive/2017basic/texmf-dist/tex/latex/amsmath/amsbsy.sty
Package: amsbsy 1999/11/29 v1.2d Bold Symbols
\pmbraise@=\dimen142
)
(/usr/local/texlive/2017basic/texmf-dist/tex/latex/amsmath/amsopn.sty
Package: amsopn 2016/03/08 v2.02 operator names
)
\inf@bad=\count93
LaTeX Info: Redefining \frac on input line 213.
\uproot@=\count94
\leftroot@=\count95
LaTeX Info: Redefining \overline on input line 375.
\classnum@=\count96
\DOTSCASE@=\count97
LaTeX Info: Redefining \ldots on input line 472.
LaTeX Info: Redefining \dots on input line 475.
LaTeX Info: Redefining \cdots on input line 596.
\Mathstrutbox@=\box55
\strutbox@=\box56
\big@size=\dimen143
LaTeX Font Info:    Redeclaring font encoding OML on input line 712.
LaTeX Font Info:    Redeclaring font encoding OMS on input line 713.
\macc@depth=\count98
\c@MaxMatrixCols=\count99
\dotsspace@=\muskip10
\c@parentequation=\count100
\dspbrk@lvl=\count101
\tag@help=\toks17
\row@=\count102
\column@=\count103
\maxfields@=\count104
\andhelp@=\toks18
\eqnshift@=\dimen144
\alignsep@=\dimen145
\tagshift@=\dimen146
\tagwidth@=\dimen147
\totwidth@=\dimen148
\lineht@=\dimen149
\@envbody=\toks19
\multlinegap=\skip44
\multlinetaggap=\skip45
\mathdisplay@stack=\toks20
LaTeX Info: Redefining \[ on input line 2817.
LaTeX Info: Redefining \] on input line 2818.
)
(/usr/local/texlive/2017basic/texmf-dist/tex/latex/amsfonts/amssymb.sty
Package: amssymb 2013/01/14 v3.01 AMS font symbols

(/usr/local/texlive/2017basic/texmf-dist/tex/latex/amsfonts/amsfonts.sty
Package: amsfonts 2013/01/14 v3.01 Basic AMSFonts support
\symAMSa=\mathgroup4
\symAMSb=\mathgroup5
LaTeX Font Info:    Overwriting math alphabet `\mathfrak' in version `bold'
(Font)                  U/euf/m/n --> U/euf/b/n on input line 106.
))
(./main.aux)
\openout1 = `main.aux'.

LaTeX Font Info:    Checking defaults for OML/cmm/m/it on input line 12.
LaTeX Font Info:    ... okay on input line 12.
LaTeX Font Info:    Checking defaults for T1/cmr/m/n on input line 12.
LaTeX Font Info:    ... okay on input line 12.
LaTeX Font Info:    Checking defaults for OT1/cmr/m/n on input line 12.
LaTeX Font Info:    ... okay on input line 12.
LaTeX Font Info:    Checking defaults for OMS/cmsy/m/n on input line 12.
LaTeX Font Info:    ... okay on input line 12.
LaTeX Font Info:    Checking defaults for OMX/cmex/m/n on input line 12.
LaTeX Font Info:    ... okay on input line 12.
LaTeX Font Info:    Checking defaults for U/cmr/m/n on input line 12.
LaTeX Font Info:    ... okay on input line 12.
LaTeX Font Info:    Checking defaults for JY2/mc/m/n on input line 12.
LaTeX Font Info:    ... okay on input line 12.
LaTeX Font Info:    Checking defaults for JT2/mc/m/n on input line 12.
LaTeX Font Info:    ... okay on input line 12.

! Missing number, treated as zero.
<to be read again> 
                   \protect 
l.15     \boldsymbol
                    {i} & \in \mathbf{Int} & &\\
A number should have been here; I inserted `0'.
(If you can't figure out why I needed to see a number,
look up `weird error' in the index to The TeXbook.)

LaTeX Font Info:    Try loading font information for U+msa on input line 15.
(/usr/local/texlive/2017basic/texmf-dist/tex/latex/amsfonts/umsa.fd
File: umsa.fd 2013/01/14 v3.01 AMS symbols A
)
LaTeX Font Info:    Try loading font information for U+msb on input line 15.

(/usr/local/texlive/2017basic/texmf-dist/tex/latex/amsfonts/umsb.fd
File: umsb.fd 2013/01/14 v3.01 AMS symbols B
)
! Missing $ inserted.
<inserted text> 
                $
l.15     \boldsymbol
                    {i} & \in \mathbf{Int} & &\\
I've inserted a begin-math/end-math symbol since I think
you left one out. Proceed, with fingers crossed.

! Extra }, or forgotten $.
\math@atom #1#2->\binrel@ {#1}\binrel@@ {#2}
                                            
l.15     \boldsymbol
                    {i} & \in \mathbf{Int} & &\\
I've deleted a group-closing symbol because it seems to be
spurious, as in `$x}$'. But perhaps the } is legitimate and
you forgot something else, as in `\hbox{$x}'. In such cases
the way to recover is to insert both the forgotten and the
deleted material, e.g., by typing `I$}'.

! Missing $ inserted.
<inserted text> 
                $
l.15     \boldsymbol
                    {i} & \in \mathbf{Int} & &\\
I've inserted something that you may have forgotten.
(See the <inserted text> above.)
With luck, this will get me unwedged. But if you
really didn't forget anything, try typing `2' now; then
my insertion and my current dilemma will both disappear.

! Missing } inserted.
<inserted text> 
                }
l.15     \boldsymbol
                    {i} & \in \mathbf{Int} & &\\
I've inserted something that you may have forgotten.
(See the <inserted text> above.)
With luck, this will get me unwedged. But if you
really didn't forget anything, try typing `2' now; then
my insertion and my current dilemma will both disappear.


! Package amsmath Error: Extra & on this line.

See the amsmath package documentation for explanation.
Type  H <return>  for immediate help.
 ...                                              
                                                  
l.32 \end{alignat*}
                   
\An extra & here is so disastrous that you should probably exit
 and fix things up. 


! Package amsmath Error: Extra & on this line.

See the amsmath package documentation for explanation.
Type  H <return>  for immediate help.
 ...                                              
                                                  
l.32 \end{alignat*}
                   
\An extra & here is so disastrous that you should probably exit
 and fix things up. 


! Package amsmath Error: Extra & on this line.

See the amsmath package documentation for explanation.
Type  H <return>  for immediate help.
 ...                                              
                                                  
l.32 \end{alignat*}
                   
\An extra & here is so disastrous that you should probably exit
 and fix things up. 


! Package amsmath Error: Extra & on this line.

See the amsmath package documentation for explanation.
Type  H <return>  for immediate help.
 ...                                              
                                                  
l.32 \end{alignat*}
                   
\An extra & here is so disastrous that you should probably exit
 and fix things up. 


! Package amsmath Error: Extra & on this line.

See the amsmath package documentation for explanation.
Type  H <return>  for immediate help.
 ...                                              
                                                  
l.32 \end{alignat*}
                   
\An extra & here is so disastrous that you should probably exit
 and fix things up. 


! Package amsmath Error: Extra & on this line.

See the amsmath package documentation for explanation.
Type  H <return>  for immediate help.
 ...                                              
                                                  
l.32 \end{alignat*}
                   
\An extra & here is so disastrous that you should probably exit
 and fix things up. 


! Package amsmath Error: Extra & on this line.

See the amsmath package documentation for explanation.
Type  H <return>  for immediate help.
 ...                                              
                                                  
l.32 \end{alignat*}
                   
\An extra & here is so disastrous that you should probably exit
 and fix things up. 


! Package amsmath Error: Extra & on this line.

See the amsmath package documentation for explanation.
Type  H <return>  for immediate help.
 ...                                              
                                                  
l.32 \end{alignat*}
                   
\An extra & here is so disastrous that you should probably exit
 and fix things up. 


! Package amsmath Error: Extra & on this line.

See the amsmath package documentation for explanation.
Type  H <return>  for immediate help.
 ...                                              
                                                  
l.32 \end{alignat*}
                   
\An extra & here is so disastrous that you should probably exit
 and fix things up. 

! Misplaced \omit.
\math@cr@@@ ...@ \@ne \add@amps \maxfields@ \omit 
                                                  \kern -\alignsep@ \iftag@ ...
l.32 \end{alignat*}
                   
I expect to see \omit only after tab marks or the \cr of
an alignment. Proceed, and I'll ignore this case.

! Misplaced \omit.
\math@cr@@@ ...@ \@ne \add@amps \maxfields@ \omit 
                                                  \kern -\alignsep@ \iftag@ ...
l.32 \end{alignat*}
                   
I expect to see \omit only after tab marks or the \cr of
an alignment. Proceed, and I'll ignore this case.

! Misplaced \omit.
\math@cr@@@ ...@ \@ne \add@amps \maxfields@ \omit 
                                                  \kern -\alignsep@ \iftag@ ...
l.32 \end{alignat*}
                   
I expect to see \omit only after tab marks or the \cr of
an alignment. Proceed, and I'll ignore this case.

! Misplaced \omit.
\math@cr@@@ ...@ \@ne \add@amps \maxfields@ \omit 
                                                  \kern -\alignsep@ \iftag@ ...
l.32 \end{alignat*}
                   
I expect to see \omit only after tab marks or the \cr of
an alignment. Proceed, and I'll ignore this case.

! Misplaced \omit.
\math@cr@@@ ...@ \@ne \add@amps \maxfields@ \omit 
                                                  \kern -\alignsep@ \iftag@ ...
l.32 \end{alignat*}
                   
I expect to see \omit only after tab marks or the \cr of
an alignment. Proceed, and I'll ignore this case.

! Misplaced \omit.
\math@cr@@@ ...@ \@ne \add@amps \maxfields@ \omit 
                                                  \kern -\alignsep@ \iftag@ ...
l.32 \end{alignat*}
                   
I expect to see \omit only after tab marks or the \cr of
an alignment. Proceed, and I'll ignore this case.

! Misplaced \omit.
\math@cr@@@ ...@ \@ne \add@amps \maxfields@ \omit 
                                                  \kern -\alignsep@ \iftag@ ...
l.32 \end{alignat*}
                   
I expect to see \omit only after tab marks or the \cr of
an alignment. Proceed, and I'll ignore this case.

! Misplaced \omit.
\math@cr@@@ ...@ \@ne \add@amps \maxfields@ \omit 
                                                  \kern -\alignsep@ \iftag@ ...
l.32 \end{alignat*}
                   
I expect to see \omit only after tab marks or the \cr of
an alignment. Proceed, and I'll ignore this case.

! Misplaced \omit.
\math@cr@@@ ...@ \@ne \add@amps \maxfields@ \omit 
                                                  \kern -\alignsep@ \iftag@ ...
l.32 \end{alignat*}
                   
I expect to see \omit only after tab marks or the \cr of
an alignment. Proceed, and I'll ignore this case.

[1

] (./main.aux) ) 
Here is how much of TeX's memory you used:
 1354 strings out of 494867
 15505 string characters out of 6175422
 79858 words of memory out of 5000000
 4893 multiletter control sequences out of 15000+600000
 11031 words of font info for 52 fonts, out of 8000000 for 9000
 107 hyphenation exceptions out of 8191
 27i,12n,26p,200b,162s stack positions out of 5000i,500n,10000p,200000b,80000s

Output written on main.dvi (1 page, 1560 bytes).
